0 info it worked if it ends with ok
1 verbose cli [ '/usr/local/Cellar/node/6.2.2/bin/node',
1 verbose cli   '/usr/local/bin/npm',
1 verbose cli   'start' ]
2 info using npm@3.9.5
3 info using node@v6.2.2
4 verbose run-script [ 'prestart', 'start', 'poststart' ]
5 info lifecycle tictactoe-heroku@1.0.0~prestart: tictactoe-heroku@1.0.0
6 silly lifecycle tictactoe-heroku@1.0.0~prestart: no script for prestart, continuing
7 info lifecycle tictactoe-heroku@1.0.0~start: tictactoe-heroku@1.0.0
8 verbose lifecycle tictactoe-heroku@1.0.0~start: unsafe-perm in lifecycle true
9 verbose lifecycle tictactoe-heroku@1.0.0~start: PATH: /usr/local/lib/node_modules/npm/bin/node-gyp-bin:/Users/liam/src/old/js/tictactoe-heroku/node_modules/.bin:/usr/local/Cellar/node/6.2.2/bin:/usr/local/bin:/usr/local/bin:/usr/bin:/bin:/usr/sbin:/sbin:/usr/local/MacGPG2/bin:/Users/liam/.npm-packages/bin:/usr/local/git/bin:/Users/liam/.npm-packages/bin:/usr/local/git/bin
10 verbose lifecycle tictactoe-heroku@1.0.0~start: CWD: /Users/liam/src/old/js/tictactoe-heroku
11 silly lifecycle tictactoe-heroku@1.0.0~start: Args: [ '-c', 'main.js' ]
12 info lifecycle tictactoe-heroku@1.0.0~start: Failed to exec start script
13 verbose stack Error: tictactoe-heroku@1.0.0 start: `main.js`
13 verbose stack spawn ENOENT
13 verbose stack     at ChildProcess.<anonymous> (/usr/local/lib/node_modules/npm/lib/utils/spawn.js:17:16)
13 verbose stack     at emitTwo (events.js:106:13)
13 verbose stack     at ChildProcess.emit (events.js:191:7)
13 verbose stack     at maybeClose (internal/child_process.js:852:16)
13 verbose stack     at Process.ChildProcess._handle.onexit (internal/child_process.js:215:5)
14 verbose pkgid tictactoe-heroku@1.0.0
15 verbose cwd /Users/liam/src/old/js/tictactoe-heroku
16 error Darwin 15.6.0
17 error argv "/usr/local/Cellar/node/6.2.2/bin/node" "/usr/local/bin/npm" "start"
18 error node v6.2.2
19 error npm  v3.9.5
20 error file sh
21 error code ELIFECYCLE
22 error errno ENOENT
23 error syscall spawn
24 error tictactoe-heroku@1.0.0 start: `main.js`
24 error spawn ENOENT
25 error Failed at the tictactoe-heroku@1.0.0 start script 'main.js'.
25 error Make sure you have the latest version of node.js and npm installed.
25 error If you do, this is most likely a problem with the tictactoe-heroku package,
25 error not with npm itself.
25 error Tell the author that this fails on your system:
25 error     main.js
25 error You can get information on how to open an issue for this project with:
25 error     npm bugs tictactoe-heroku
25 error Or if that isn't available, you can get their info via:
25 error     npm owner ls tictactoe-heroku
25 error There is likely additional logging output above.
26 verbose exit [ 1, true ]
